CRITICAL - 2024-05-08 06:56:56 --> The framework needs the following extension(s) installed and loaded: intl.
in SYSTEMPATH\CodeIgniter.php on line 226.
 1 SYSTEMPATH\CodeIgniter.php(226): CodeIgniter\Exceptions\FrameworkException::forMissingExtension('intl')
 2 SYSTEMPATH\CodeIgniter.php(190): CodeIgniter\CodeIgniter->resolvePlatformExtensions()
 3 ROOTPATH\spark(83): CodeIgniter\CodeIgniter->initialize()
CRITICAL - 2024-05-08 05:11:52 --> Invalid file: "layout/frontend_template.php"
in SYSTEMPATH\Exceptions\FrameworkException.php on line 33.
 1 SYSTEMPATH\View\View.php(201): CodeIgniter\Exceptions\FrameworkException::forInvalidFile('layout/frontend_template.php')
 2 SYSTEMPATH\View\View.php(229): CodeIgniter\View\View->render('layout/frontend_template', [], true)
 3 SYSTEMPATH\Common.php(1184): CodeIgniter\View\View->render('beranda', [], true)
 4 APPPATH\Controllers\Home.php(9): view('beranda')
 5 SYSTEMPATH\CodeIgniter.php(934): App\Controllers\Home->index()
 6 SYSTEMPATH\CodeIgniter.php(499): CodeIgniter\CodeIgniter->runController(Object(App\Controllers\Home))
 7 SYSTEMPATH\CodeIgniter.php(368): CodeIgniter\CodeIgniter->handleRequest(null, Object(Config\Cache), false)
 8 FCPATH\index.php(67): CodeIgniter\CodeIgniter->run()
 9 SYSTEMPATH\Commands\Server\rewrite.php(47): require_once('G:\\Project Web\\UIN Raden Mas Said\\UINSAID Prototype\\public\\index.php')
CRITICAL - 2024-05-08 05:12:15 --> Invalid file: "layout/frontend_template.php"
in SYSTEMPATH\Exceptions\FrameworkException.php on line 33.
 1 SYSTEMPATH\View\View.php(201): CodeIgniter\Exceptions\FrameworkException::forInvalidFile('layout/frontend_template.php')
 2 SYSTEMPATH\View\View.php(229): CodeIgniter\View\View->render('layout/frontend_template', [], true)
 3 SYSTEMPATH\Common.php(1184): CodeIgniter\View\View->render('beranda', [], true)
 4 APPPATH\Controllers\Home.php(9): view('beranda')
 5 SYSTEMPATH\CodeIgniter.php(934): App\Controllers\Home->index()
 6 SYSTEMPATH\CodeIgniter.php(499): CodeIgniter\CodeIgniter->runController(Object(App\Controllers\Home))
 7 SYSTEMPATH\CodeIgniter.php(368): CodeIgniter\CodeIgniter->handleRequest(null, Object(Config\Cache), false)
 8 FCPATH\index.php(67): CodeIgniter\CodeIgniter->run()
 9 SYSTEMPATH\Commands\Server\rewrite.php(47): require_once('G:\\Project Web\\UIN Raden Mas Said\\UINSAID Prototype\\public\\index.php')
